2023-05-04 16:29:13,565::INFO::MainThread::Start all threads.
2023-05-04 16:29:32,389::INFO::RemoteControlThread::Button A was pressed.
2023-05-04 16:29:40,987::INFO::RemoteControlThread::Button C was pressed.
2023-05-04 16:29:46,930::INFO::RemoteControlThread::Button A was pressed.
2023-05-04 16:29:49,250::INFO::RemoteControlThread::Button C was pressed.
2023-05-04 16:29:53,567::INFO::MainThread::Terminated by user.
2023-05-04 16:29:53,567::INFO::MainThread::Wait for other threads.
2023-05-04 16:30:00,105::INFO::MainThread::Exit programm.
2023-05-04 16:30:35,495::INFO::MainThread::Start all threads.
2023-05-04 16:30:42,229::INFO::RemoteControlThread::Button A was pressed.
2023-05-04 16:30:46,839::INFO::RemoteControlThread::Button C was pressed.
2023-05-04 16:30:51,768::INFO::RemoteControlThread::Button A was pressed.
2023-05-04 16:30:58,465::INFO::RemoteControlThread::Button C was pressed.
2023-05-04 16:31:08,628::INFO::RemoteControlThread::Button A was pressed.
2023-05-04 16:31:16,651::INFO::RemoteControlThread::Button C was pressed.
2023-05-04 16:31:27,913::INFO::RemoteControlThread::Button A was pressed.
2023-05-04 16:31:32,573::INFO::RemoteControlThread::Button C was pressed.
2023-05-04 16:32:45,202::INFO::MainThread::Terminated by user.
2023-05-04 16:32:45,203::INFO::MainThread::Wait for other threads.
2023-05-04 16:32:53,095::INFO::MainThread::Exit programm.
